\BOOKMARK [0][-]{chapter.1}{\376\377\000\332\000v\000o\000d}{}
\BOOKMARK [0][-]{chapter.2}{\376\377\001\140\000p\000e\000c\000i\000f\000i\000k\000\341\000c\000i\000a\000\040\000p\000o\001\176\000i\000a\000d\000a\000v\000i\000e\000k\000\040\000n\000a\000\040\000n\000a\000v\000r\000h\000o\000v\000a\000n\000\375\000\040\000s\000y\000s\000t\000\351\000m}{}
\BOOKMARK [1][-]{section.2.1}{\376\377\000P\000o\000p\000i\000s\000\040\000p\000r\000o\000b\000l\000\351\000m\000u}{chapter.2}
\BOOKMARK [1][-]{section.2.2}{\376\377\000P\000o\001\176\000i\000a\000d\000a\000v\000k\000y\000\040\000n\000a\000\040\000m\000o\000d\000e\000l}{chapter.2}
\BOOKMARK [2][-]{subsection.2.2.1}{\376\377\000V\000l\000a\000s\000t\000n\000o\000s\000t\000i\000\040\000s\000i\000e\000t\000\355\000\040\000p\000o\000s\000t\000a\000v\000e\000n\000\375\000c\000h\000\040\000n\000a\000\040\000I\000E\000E\000E\000\040\0008\0000\0002\000.\0001\0005\000.\0004}{section.2.2}
\BOOKMARK [3][-]{subsubsection.2.2.1.1}{\376\377\000M\000o\000b\000i\000l\000i\000t\000a}{subsection.2.2.1}
\BOOKMARK [3][-]{subsubsection.2.2.1.2}{\376\377\000V\000l\000a\000s\000t\000n\000o\000s\000t\000i\000\040\000p\000r\000e\000n\000o\000s\000o\000v\000\351\000h\000o\000\040\000m\000\351\000d\000i\000a}{subsection.2.2.1}
\BOOKMARK [2][-]{subsection.2.2.2}{\376\377\000M\000o\000d\000u\000l\000a\000r\000i\000t\000a\000\040\000n\000\341\000v\000r\000h\000u}{section.2.2}
\BOOKMARK [0][-]{chapter.3}{\376\377\000Z\000i\000g\000b\000e\000e\000\040\000a\000\040\000I\000E\000E\000E\000\040\0008\0000\0002\000.\0001\0005\000.\0004}{}
\BOOKMARK [1][-]{section.3.1}{\376\377\000I\000E\000E\000E\000\040\0008\0000\0002\000.\0001\0005\000.\0004}{chapter.3}
\BOOKMARK [2][-]{subsection.3.1.1}{\376\377\000T\000o\000p\000o\000l\000\363\000g\000i\000a}{section.3.1}
\BOOKMARK [3][-]{subsubsection.3.1.1.1}{\376\377\000H\000v\000i\000e\000z\000d\000a\000\040\000\050\000S\000t\000a\000r\000\051}{subsection.3.1.1}
\BOOKMARK [3][-]{subsubsection.3.1.1.2}{\376\377\000K\000a\001\176\000d\000\375\000\040\000s\000\040\000k\000a\001\176\000d\000\375\000m\000\040\000\050\000P\000e\000e\000r\000-\000t\000o\000-\000P\000e\000e\000r\000\051}{subsection.3.1.1}
\BOOKMARK [2][-]{subsection.3.1.2}{\376\377\000F\000y\000z\000i\000c\000k\000\341\000\040\000v\000r\000s\000t\000v\000a}{section.3.1}
\BOOKMARK [2][-]{subsection.3.1.3}{\376\377\000L\000i\000n\000k\000o\000v\000\341\000\040\000v\000r\000s\000t\000v\000a}{section.3.1}
\BOOKMARK [2][-]{subsection.3.1.4}{\376\377\000B\000e\000a\000c\000o\000n\000i\000n\000g\000\040\000a\000\040\000n\000o\000n\000-\000b\000e\000a\000c\000o\000n\000i\000n\000g\000\040\000m\000\363\000d\000y}{section.3.1}
\BOOKMARK [2][-]{subsection.3.1.5}{\376\377\000S\000u\000p\000e\000r\000f\000r\000a\000m\000e\000\040\000r\000\341\000m\000e\000c}{section.3.1}
\BOOKMARK [3][-]{subsubsection.3.1.5.1}{\376\377\000B\000e\000a\000c\000o\000n\000\040\000r\000\341\000m\000e\000c}{subsection.3.1.5}
\BOOKMARK [1][-]{section.3.2}{\376\377\000Z\000i\000g\000B\000e\000e}{chapter.3}
\BOOKMARK [2][-]{subsection.3.2.1}{\376\377\000A\000r\000c\000h\000i\000t\000e\000k\000t\000\372\000r\000a\000\040\000Z\000i\000g\000B\000e\000e}{section.3.2}
\BOOKMARK [2][-]{subsection.3.2.2}{\376\377\000S\000i\000e\001\145\000o\000v\000\341\000\040\000v\000r\000s\000t\000v\000a}{section.3.2}
\BOOKMARK [2][-]{subsection.3.2.3}{\376\377\000A\000p\000l\000i\000k\000a\001\015\000n\000\341\000\040\000v\000r\000s\000t\000v\000a}{section.3.2}
\BOOKMARK [3][-]{subsubsection.3.2.3.1}{\376\377\000P\000o\000d\000p\000o\000r\000n\000\341\000\040\000v\000r\000s\000t\000v\000a\000\040\000a\000p\000l\000i\000k\000a\001\015\000n\000e\000j\000\040\000v\000r\000s\000t\000v\000e}{subsection.3.2.3}
\BOOKMARK [3][-]{subsubsection.3.2.3.2}{\376\377\000O\000b\000j\000e\000k\000t\000y\000\040\000t\000y\000p\000u\000\040\000Z\000i\000g\000B\000e\000e\000\040\000D\000e\000v\000i\000c\000e\000\040\000O\000b\000j\000e\000c\000t\000s}{subsection.3.2.3}
\BOOKMARK [2][-]{subsection.3.2.4}{\376\377\000V\000\344\000z\000b\000a\000\040\000n\000a\000\040\000I\000E\000E\000E\000\040\0008\0000\0002\000.\0001\0005\000.\0004}{section.3.2}
\BOOKMARK [0][-]{chapter.4}{\376\377\000V\000a\000r\000i\000a\000n\000t\000y\000\040\000s\000i\000m\000u\000l\000a\001\015\000n\000\351\000h\000o\000\040\000m\000o\000d\000e\000l\000u}{}
\BOOKMARK [1][-]{section.4.1}{\376\377\000R\000o\000z\001\141\000\355\000r\000e\000n\000i\000a\000\040\000p\000r\000e\000\040\000s\000i\000m\000u\000l\000\341\000c\000i\000u\000\040\000W\000S\000N\000\040\000s\000i\000e\000t\000\355}{chapter.4}
\BOOKMARK [2][-]{subsection.4.1.1}{\376\377\000P\000A\000W\000i\000S}{section.4.1}
\BOOKMARK [2][-]{subsection.4.1.2}{\376\377\000M\000i\000X\000i\000M}{section.4.1}
\BOOKMARK [3][-]{subsubsection.4.1.2.1}{\376\377\000V\000l\000a\000s\000t\000n\000o\000s\000t\000i}{subsection.4.1.2}
\BOOKMARK [3][-]{subsubsection.4.1.2.2}{\376\377\001\140\000t\000r\000u\000k\000t\000\372\000r\000a}{subsection.4.1.2}
\BOOKMARK [2][-]{subsection.4.1.3}{\376\377\000M\000o\000b\000i\000l\000i\000t\000y\000\040\000F\000r\000a\000m\000e\000w\000o\000r\000k}{section.4.1}
\BOOKMARK [3][-]{subsubsection.4.1.3.1}{\376\377\000A\000r\000c\000h\000i\000t\000e\000k\000t\000\372\000r\000a}{subsection.4.1.3}
\BOOKMARK [1][-]{section.4.2}{\376\377\000E\000x\000i\000s\000t\000u\000j\000\372\000c\000e\000\040\000m\000o\000d\000e\000l\000y\000\040\000s\000i\000e\000t\000\355\000\040\000Z\000i\000g\000B\000e\000e\000\040\000a\000\040\000I\000E\000E\000E\000\040\0008\0000\0002\000.\0001\0005\000.\0004}{chapter.4}
\BOOKMARK [0][-]{chapter.5}{\376\377\000P\000o\000p\000i\000s\000\040\000s\000i\000m\000u\000l\000a\001\015\000n\000\351\000h\000o\000\040\000m\000o\000d\000e\000l\000u}{}
\BOOKMARK [1][-]{section.5.1}{\376\377\000A\000p\000l\000i\000k\000a\001\015\000n\000\341\000\040\000v\000r\000s\000t\000v\000a\000\040\000-\000\040\000A\000P\000P}{chapter.5}
\BOOKMARK [1][-]{section.5.2}{\376\377\000S\000i\000e\001\145\000o\000v\000\341\000\040\000v\000r\000s\000t\000v\000a\000\040\000-\000\040\000N\000E\000T}{chapter.5}
\BOOKMARK [2][-]{subsection.5.2.1}{\376\377\000D\000a\000t\000o\000v\000\341\000\040\000e\000n\000t\000i\000t\000a\000\040\000-\000\040\000N\000L\000D\000E}{section.5.2}
\BOOKMARK [2][-]{subsection.5.2.2}{\376\377\000R\000i\000a\000d\000i\000a\000c\000a\000\040\000e\000n\000t\000i\000t\000a\000\040\000-\000\040\000N\000L\000M\000E}{section.5.2}
\BOOKMARK [1][-]{section.5.3}{\376\377\000L\000i\000n\000k\000o\000v\000\341\000\040\000v\000r\000s\000t\000v\000a\000\040\000-\000\040\000M\000A\000C}{chapter.5}
\BOOKMARK [2][-]{subsection.5.3.1}{\376\377\000D\000a\000t\000o\000v\000\341\000\040\000e\000n\000t\000i\000t\000a\000\040\000-\000\040\000M\000C\000P\000S}{section.5.3}
\BOOKMARK [2][-]{subsection.5.3.2}{\376\377\000R\000i\000a\000d\000i\000a\000c\000a\000\040\000e\000n\000t\000i\000t\000a\000\040\000-\000\040\000M\000L\000M\000E}{section.5.3}
\BOOKMARK [1][-]{section.5.4}{\376\377\000F\000y\000z\000i\000c\000k\000\341\000\040\000v\000r\000s\000t\000v\000a\000\040\000-\000\040\000P\000H\000Y}{chapter.5}
\BOOKMARK [2][-]{subsection.5.4.1}{\376\377\000D\000a\000t\000o\000v\000\341\000\040\000e\000n\000t\000i\000t\000a\000\040\000-\000\040\000P\000D}{section.5.4}
\BOOKMARK [2][-]{subsection.5.4.2}{\376\377\000R\000i\000a\000d\000i\000a\000c\000a\000\040\000e\000n\000t\000i\000t\000a\000\040\000-\000\040\000P\000L\000M\000E}{section.5.4}
\BOOKMARK [2][-]{subsection.5.4.3}{\376\377\000V\000\344\000z\000b\000a\000\040\000n\000a\000\040\000M\000o\000b\000i\000l\000i\000t\000y\000\040\000F\000r\000a\000m\000e\000w\000o\000r\000k}{section.5.4}
\BOOKMARK [1][-]{section.5.5}{\376\377\000M\000o\000b\000i\000l\000i\000t\000a}{chapter.5}
\BOOKMARK [1][-]{section.5.6}{\376\377\000I\000P\000\040\000o\000v\000e\000r\000\040\000I\000E\000E\000E\000\040\0008\0000\0002\000.\0001\0005\000.\0004}{chapter.5}
\BOOKMARK [0][-]{chapter.6}{\376\377\000F\000u\000n\000k\001\015\000n\000o\000s\001\145\000,\000\040\000v\000\375\000s\000l\000e\000d\000k\000y\000\040\000t\000e\000s\000t\000o\000v\000a\000n\000i\000a}{}
\BOOKMARK [0][-]{chapter.7}{\376\377\000Z\000\341\000v\000e\000r}{}
\BOOKMARK [0][-]{chapter*.33}{\376\377\000L\000i\000t\000e\000r\000a\000t\000\372\000r\000a}{}
\BOOKMARK [0][-]{appendix.A}{\376\377\000Z\000o\000z\000n\000a\000m\000\040\000p\000o\000u\001\176\000i\000t\000\375\000c\000h\000\040\000s\000k\000r\000a\000t\000i\000e\000k}{}
\BOOKMARK [0][-]{appendix.B}{\376\377\000O\000b\000s\000a\000h\000\040\000p\000r\000i\000l\000o\001\176\000e\000n\000\351\000h\000o\000\040\000C\000D}{}
